[debug] [2023-03-13T22:50:38.261Z] ----------------------------------------------------------------------
[debug] [2023-03-13T22:50:38.263Z] Command:       C:\Program Files (x86)\nodejs\node.exe C:\Users\skmam\AppData\Roaming\npm\node_modules\firebase-tools\lib\bin\firebase.js init
[debug] [2023-03-13T22:50:38.263Z] CLI Version:   11.24.1
[debug] [2023-03-13T22:50:38.263Z] Platform:      win32
[debug] [2023-03-13T22:50:38.263Z] Node Version:  v18.15.0
[debug] [2023-03-13T22:50:38.264Z] Time:          Tue Mar 14 2023 04:50:38 GMT+0600 (Bangladesh Standard Time)
[debug] [2023-03-13T22:50:38.264Z] ----------------------------------------------------------------------
[debug] 
[debug] [2023-03-13T22:50:38.336Z] > command requires scopes: ["email","openid","https://www.googleapis.com/auth/cloudplatformprojects.readonly","https://www.googleapis.com/auth/firebase","https://www.googleapis.com/auth/cloud-platform"]
[debug] [2023-03-13T22:50:38.336Z] > authorizing via signed-in user (skmamunkhan072@gmail.com)
[info] 
     ######## #### ########  ######## ########     ###     ######  ########
     ##        ##  ##     ## ##       ##     ##  ##   ##  ##       ##
     ######    ##  ########  ######   ########  #########  ######  ######
     ##        ##  ##    ##  ##       ##     ## ##     ##       ## ##
     ##       #### ##     ## ######## ########  ##     ##  ######  ########

You're about to initialize a Firebase project in this directory:

  C:\Users\skmam\OneDrive\Desktop\Job_Task_Project\interview_schedule

Before we get started, keep in mind:

  * You are initializing within an existing Firebase project directory

[info] 
=== Project Setup
[info] 
[info] First, let's associate this project directory with a Firebase project.
[info] You can create multiple project aliases by running firebase use --add, 
[info] but for now we'll just set up a default project.
[info] 
[debug] [2023-03-13T22:50:46.416Z] Using project from CLI flag: interview-schedule-c075f
[debug] [2023-03-13T22:50:46.417Z] > refreshing access token with scopes: []
[debug] [2023-03-13T22:50:46.419Z] >>> [apiv2][query] POST https://www.googleapis.com/oauth2/v3/token [none]
[debug] [2023-03-13T22:50:46.419Z] >>> [apiv2][body] POST https://www.googleapis.com/oauth2/v3/token [omitted]
[debug] [2023-03-13T22:50:46.850Z] <<< [apiv2][status] POST https://www.googleapis.com/oauth2/v3/token 200
[debug] [2023-03-13T22:50:46.851Z] <<< [apiv2][body] POST https://www.googleapis.com/oauth2/v3/token [omitted]
[debug] [2023-03-13T22:50:46.975Z] >>> [apiv2][query] GET https://firebase.googleapis.com/v1beta1/projects/interview-schedule-c075f [none]
[debug] [2023-03-13T22:50:47.767Z] <<< [apiv2][status] GET https://firebase.googleapis.com/v1beta1/projects/interview-schedule-c075f 403
[debug] [2023-03-13T22:50:47.768Z] <<< [apiv2][body] GET https://firebase.googleapis.com/v1beta1/projects/interview-schedule-c075f {"error":{"code":403,"message":"The caller does not have permission","status":"PERMISSION_DENIED"}}
[debug] [2023-03-13T22:50:47.770Z] HTTP Error: 403, The caller does not have permission
[debug] [2023-03-13T22:50:47.981Z] FirebaseError: HTTP Error: 403, The caller does not have permission
    at responseToError (C:\Users\skmam\AppData\Roaming\npm\node_modules\firebase-tools\lib\responseToError.js:49:12)
    at RetryOperation._fn (C:\Users\skmam\AppData\Roaming\npm\node_modules\firebase-tools\lib\apiv2.js:288:77)
    at process.processTicksAndRejections (node:internal/process/task_queues:95:5)
[error] 
[error] Error: Failed to get Firebase project interview-schedule-c075f. Please make sure the project exists and your account has permission to access it.
